<?xml version="1.0" encoding="UTF-8"?>
<!-- Generated by org.testng.reporters.JUnitXMLReporter -->
<testsuite hostname="DESKTOP-MGLQSO3" ignored="0" name="Demo" tests="1" failures="0" timestamp="11 Oct 2021 05:45:01 GMT" time="10.151" errors="0">
  <testcase name="@AfterClass tearDownClass" time="0.928" classname="io.cucumber.testng.AbstractTestNGCucumberTests">
    <failure type="java.lang.NoSuchMethodError" message="org.apache.pdfbox.pdmodel.graphics.image.PDImageXObject.createFromByteArray(Lorg/apache/pdfbox/pdmodel/PDDocument;[BLjava/lang/String;)Lorg/apache/pdfbox/pdmodel/graphics/image/PDImageXObject;">
      <![CDATA[java.lang.NoSuchMethodError: org.apache.pdfbox.pdmodel.graphics.image.PDImageXObject.createFromByteArray(Lorg/apache/pdfbox/pdmodel/PDDocument;[BLjava/lang/String;)Lorg/apache/pdfbox/pdmodel/graphics/image/PDImageXObject;
at tech.grasshopper.pdf.image.ImageCreator.generateChartImageXObject(ImageCreator.java:25)
at tech.grasshopper.pdf.section.dashboard.DashboardDonutDisplay.createDonutChart(DashboardDonutDisplay.java:58)
at tech.grasshopper.pdf.section.dashboard.DashboardDonutDisplay.display(DashboardDonutDisplay.java:32)
at tech.grasshopper.pdf.section.dashboard.Dashboard.createSection(Dashboard.java:43)
at tech.grasshopper.pdf.PDFCucumberReport.createReport(PDFCucumberReport.java:90)
at tech.grasshopper.pdf.extent.ExtentPDFCucumberReporter.flush(ExtentPDFCucumberReporter.java:81)
at tech.grasshopper.pdf.extent.ExtentPDFCucumberReporter.access$100(ExtentPDFCucumberReporter.java:19)
at tech.grasshopper.pdf.extent.ExtentPDFCucumberReporter$1.onNext(ExtentPDFCucumberReporter.java:56)
at tech.grasshopper.pdf.extent.ExtentPDFCucumberReporter$1.onNext(ExtentPDFCucumberReporter.java:49)
at io.reactivex.rxjava3.subjects.PublishSubject$PublishDisposable.onNext(PublishSubject.java:310)
at io.reactivex.rxjava3.subjects.PublishSubject.onNext(PublishSubject.java:226)
at com.aventstack.extentreports.ReactiveSubject.onFlush(ReactiveSubject.java:83)
at com.aventstack.extentreports.AbstractProcessor.onFlush(AbstractProcessor.java:85)
at com.aventstack.extentreports.ExtentReports.flush(ExtentReports.java:284)
at com.aventstack.extentreports.cucumber.adapter.ExtentCucumberAdapter.finishReport(ExtentCucumberAdapter.java:300)
at com.aventstack.extentreports.cucumber.adapter.ExtentCucumberAdapter.access$600(ExtentCucumberAdapter.java:62)
at com.aventstack.extentreports.cucumber.adapter.ExtentCucumberAdapter$8.receive(ExtentCucumberAdapter.java:136)
at com.aventstack.extentreports.cucumber.adapter.ExtentCucumberAdapter$8.receive(ExtentCucumberAdapter.java:133)
at io.cucumber.core.eventbus.AbstractEventPublisher.send(AbstractEventPublisher.java:51)
at io.cucumber.core.eventbus.AbstractEventBus.send(AbstractEventBus.java:12)
at io.cucumber.core.runtime.CucumberExecutionContext.emitTestRunFinished(CucumberExecutionContext.java:93)
at io.cucumber.core.runtime.CucumberExecutionContext.finishTestRun(CucumberExecutionContext.java:74)
at io.cucumber.testng.TestNGCucumberRunner.finish(TestNGCucumberRunner.java:127)
at io.cucumber.testng.AbstractTestNGCucumberTests.tearDownClass(AbstractTestNGCucumberTests.java:53)
... Removed 30 stack frames]]>
    </failure>
  </testcase> <!-- @AfterClass tearDownClass -->
  <testcase name="runScenario" time="8.671" classname="io.cucumber.testng.AbstractTestNGCucumberTests"/>
</testsuite> <!-- Demo -->
