<?xml version="1.0" encoding="UTF-8"?>
<testng-results skipped="0" failed="0" ignored="0" total="1" passed="1">
  <reporter-output>
  </reporter-output>
  <suite name="Practice QA" duration-ms="8172" started-at="2021-10-10T14:49:48Z" finished-at="2021-10-10T14:49:56Z">
    <groups>
      <group name="cucumber">
        <method signature="AbstractTestNGCucumberTests.runScenario(io.cucumber.testng.PickleWrapper, io.cucumber.testng.FeatureWrapper)[pri:0, instance:testrunner.ToolsQATest@7823a2f9]" name="runScenario" class="io.cucumber.testng.AbstractTestNGCucumberTests"/>
      </group> <!-- cucumber -->
    </groups>
    <test name="Demo" duration-ms="8172" started-at="2021-10-10T14:49:48Z" finished-at="2021-10-10T14:49:56Z">
      <class name="testrunner.ToolsQATest">
        <test-method status="PASS" signature="setUpClass()[pri:0, instance:testrunner.ToolsQATest@7823a2f9]" name="setUpClass" is-config="true" duration-ms="260" started-at="2021-10-10T14:49:48Z" finished-at="2021-10-10T14:49:48Z">
          <reporter-output>
          </reporter-output>
        </test-method> <!-- setUpClass -->
        <test-method status="PASS" signature="runScenario(io.cucumber.testng.PickleWrapper, io.cucumber.testng.FeatureWrapper)[pri:0, instance:testrunner.ToolsQATest@7823a2f9]" name="runScenario" duration-ms="7891" started-at="2021-10-10T14:49:48Z" description="Runs Cucumber Scenarios" data-provider="scenarios" finished-at="2021-10-10T14:49:56Z">
          <params>
            <param index="0">
              <value>
                <![CDATA["Test DemoQA Dashboard page"]]>
              </value>
            </param>
            <param index="1">
              <value>
                <![CDATA["Optional[Test DemoQA Site]"]]>
              </value>
            </param>
          </params>
          <reporter-output>
          </reporter-output>
        </test-method> <!-- runScenario -->
        <test-method status="PASS" signature="tearDownClass()[pri:0, instance:testrunner.ToolsQATest@7823a2f9]" name="tearDownClass" is-config="true" duration-ms="2" started-at="2021-10-10T14:49:56Z" finished-at="2021-10-10T14:49:56Z">
          <reporter-output>
          </reporter-output>
        </test-method> <!-- tearDownClass -->
      </class> <!-- testrunner.ToolsQATest -->
    </test> <!-- Demo -->
  </suite> <!-- Practice QA -->
</testng-results>
